<?xml version="1.0" encoding="UTF-8"?>
<!-- Generated by org.testng.reporters.JUnitReportReporter -->
<testsuite hostname="DESKTOP-DS81VAM" failures="0" tests="1" name="com.guru.qa.testcases.LoginPageTest" time="28.611" errors="0" timestamp="2024-04-13T20:16:35 IST" skipped="0">
  <testcase classname="com.guru.qa.testcases.LoginPageTest" name="validateLoginPageTest" time="28.611"/>
</testsuite> <!-- com.guru.qa.testcases.LoginPageTest -->
